f:\sources\vs_project\anti_driver\anti_driver\x64\release\vc141.pdb
f:\sources\vs_project\anti_driver\anti_driver\x64\release\main.obj
f:\sources\vs_project\anti_driver\x64\release\anti_driver\anti_driver.cat
f:\sources\vs_project\anti_driver\x64\release\anti_driver.sys
f:\sources\vs_project\anti_driver\x64\release\anti_driver.pdb
f:\sources\vs_project\anti_driver\anti_driver\x64\release\cpuid.obj
f:\sources\vs_project\anti_driver\anti_driver\x64\release\anti_driver.inf
f:\sources\vs_project\anti_driver\x64\release\anti_driver.cer
f:\sources\vs_project\anti_driver\x64\release\anti_driver.inf
f:\sources\vs_project\anti_driver\anti_driver\x64\release\anti_driver.tlog\cl.command.1.tlog
f:\sources\vs_project\anti_driver\anti_driver\x64\release\anti_driver.tlog\cl.read.1.tlog
f:\sources\vs_project\anti_driver\anti_driver\x64\release\anti_driver.tlog\cl.write.1.tlog
f:\sources\vs_project\anti_driver\anti_driver\x64\release\anti_driver.tlog\inf2cat-expand.14676.read.1.tlog
f:\sources\vs_project\anti_driver\anti_driver\x64\release\anti_driver.tlog\inf2cat-expand.14676.write.1.tlog
f:\sources\vs_project\anti_driver\anti_driver\x64\release\anti_driver.tlog\inf2cat-expand.16616.read.1.tlog
f:\sources\vs_project\anti_driver\anti_driver\x64\release\anti_driver.tlog\inf2cat-expand.16616.write.1.tlog
f:\sources\vs_project\anti_driver\anti_driver\x64\release\anti_driver.tlog\inf2cat-expand.21908.read.1.tlog
f:\sources\vs_project\anti_driver\anti_driver\x64\release\anti_driver.tlog\inf2cat-expand.21908.write.1.tlog
f:\sources\vs_project\anti_driver\anti_driver\x64\release\anti_driver.tlog\inf2cat-expand.read.1.tlog
f:\sources\vs_project\anti_driver\anti_driver\x64\release\anti_driver.tlog\inf2cat-expand.write.1.tlog
f:\sources\vs_project\anti_driver\anti_driver\x64\release\anti_driver.tlog\inf2cat.command.1.tlog
f:\sources\vs_project\anti_driver\anti_driver\x64\release\anti_driver.tlog\inf2cat.read.1.tlog
f:\sources\vs_project\anti_driver\anti_driver\x64\release\anti_driver.tlog\inf2cat.write.1.tlog
f:\sources\vs_project\anti_driver\anti_driver\x64\release\anti_driver.tlog\link.command.1.tlog
f:\sources\vs_project\anti_driver\anti_driver\x64\release\anti_driver.tlog\link.read.1.tlog
f:\sources\vs_project\anti_driver\anti_driver\x64\release\anti_driver.tlog\link.write.1.tlog
f:\sources\vs_project\anti_driver\anti_driver\x64\release\anti_driver.tlog\masm.read.1u.tlog
f:\sources\vs_project\anti_driver\anti_driver\x64\release\anti_driver.tlog\masm.write.1u.tlog
f:\sources\vs_project\anti_driver\anti_driver\x64\release\anti_driver.tlog\signtool.command.1.tlog
f:\sources\vs_project\anti_driver\anti_driver\x64\release\anti_driver.tlog\signtool.read.1.tlog
f:\sources\vs_project\anti_driver\anti_driver\x64\release\anti_driver.tlog\signtool.timestamp.1.tlog
f:\sources\vs_project\anti_driver\anti_driver\x64\release\anti_driver.tlog\signtool.write.1.tlog
f:\sources\vs_project\anti_driver\anti_driver\x64\release\anti_driver.tlog\stampinf.command.1.tlog
f:\sources\vs_project\anti_driver\anti_driver\x64\release\anti_driver.tlog\stampinf.read.1.tlog
f:\sources\vs_project\anti_driver\anti_driver\x64\release\anti_driver.tlog\stampinf.write.1.tlog
